<?xml version="1.0" encoding="UTF-8" ?>
<testsuite tests="6" failures="0" name="TestRunner" time="43.099" errors="0" skipped="0">
  <properties>
    <property name="java.runtime.name" value="OpenJDK Runtime Environment"/>
    <property name="java.vm.version" value="17.0.12+7-LTS"/>
    <property name="sun.boot.library.path" value="/Users/deeptha.naik/Library/Java/JavaVirtualMachines/corretto-17.0.12/Contents/Home/lib"/>
    <property name="maven.multiModuleProjectDirectory" value="/Users/deeptha.naik/Documents/CricInfo_Automation"/>
    <property name="java.vm.vendor" value="Amazon.com Inc."/>
    <property name="java.vendor.url" value="https://aws.amazon.com/corretto/"/>
    <property name="guice.disable.misplaced.annotation.check" value="true"/>
    <property name="path.separator" value=":"/>
    <property name="java.vm.name" value="OpenJDK 64-Bit Server VM"/>
    <property name="user.country" value="IN"/>
    <property name="sun.java.launcher" value="SUN_STANDARD"/>
    <property name="java.vm.specification.name" value="Java Virtual Machine Specification"/>
    <property name="user.dir" value="/Users/deeptha.naik/Documents/CricInfo_Automation"/>
    <property name="java.vm.compressedOopsMode" value="Zero based"/>
    <property name="java.runtime.version" value="17.0.12+7-LTS"/>
    <property name="os.arch" value="x86_64"/>
    <property name="java.io.tmpdir" value="/var/folders/r6/s_117cds1qj7d9qx_hc9_prn0v5844/T/"/>
    <property name="line.separator" value="
"/>
    <property name="java.vm.specification.vendor" value="Oracle Corporation"/>
    <property name="os.name" value="Mac OS X"/>
    <property name="classworlds.conf" value="/usr/local/Cellar/maven/3.8.1/libexec/bin/m2.conf"/>
    <property name="sun.jnu.encoding" value="UTF-8"/>
    <property name="java.library.path" value="/Users/deeptha.naik/Library/Java/Extensions:/Library/Java/Extensions:/Network/Library/Java/Extensions:/System/Library/Java/Extensions:/usr/lib/java:."/>
    <property name="maven.conf" value="/usr/local/Cellar/maven/3.8.1/libexec/conf"/>
    <property name="jdk.debug" value="release"/>
    <property name="java.class.version" value="61.0"/>
    <property name="java.specification.name" value="Java Platform API Specification"/>
    <property name="sun.management.compiler" value="HotSpot 64-Bit Tiered Compilers"/>
    <property name="os.version" value="10.15.5"/>
    <property name="library.jansi.path" value="/usr/local/Cellar/maven/3.8.1/libexec/lib/jansi-native"/>
    <property name="user.home" value="/Users/deeptha.naik"/>
    <property name="user.timezone" value="Asia/Kolkata"/>
    <property name="file.encoding" value="US-ASCII"/>
    <property name="java.specification.version" value="17"/>
    <property name="user.name" value="deeptha.naik"/>
    <property name="java.class.path" value="/usr/local/Cellar/maven/3.8.1/libexec/boot/plexus-classworlds-2.6.0.jar"/>
    <property name="java.vm.specification.version" value="17"/>
    <property name="sun.arch.data.model" value="64"/>
    <property name="sun.java.command" value="org.codehaus.plexus.classworlds.launcher.Launcher test"/>
    <property name="java.home" value="/Users/deeptha.naik/Library/Java/JavaVirtualMachines/corretto-17.0.12/Contents/Home"/>
    <property name="user.language" value="en"/>
    <property name="java.specification.vendor" value="Oracle Corporation"/>
    <property name="java.vm.info" value="mixed mode, sharing"/>
    <property name="java.version" value="17.0.12"/>
    <property name="native.encoding" value="US-ASCII"/>
    <property name="java.vendor" value="Amazon.com Inc."/>
    <property name="sun.stderr.encoding" value="US-ASCII"/>
    <property name="maven.home" value="/usr/local/Cellar/maven/3.8.1/libexec"/>
    <property name="file.separator" value="/"/>
    <property name="java.version.date" value="2024-07-16"/>
    <property name="java.vendor.url.bug" value="https://github.com/corretto/corretto-17/issues/"/>
    <property name="sun.io.unicode.encoding" value="UnicodeBig"/>
    <property name="sun.cpu.endian" value="little"/>
    <property name="java.vendor.version" value="Corretto-17.0.12.7.1"/>
    <property name="sun.stdout.encoding" value="US-ASCII"/>
  </properties>
  <testcase classname="Testing various functionalities on the ESPN Cricinfo website" name="Verify that the homepage loads successfully" time="4.673"/>
  <testcase classname="Testing various functionalities on the ESPN Cricinfo website" name="Verify the display of live scores menu for different match types" time="6.162"/>
  <testcase classname="Testing various functionalities on the ESPN Cricinfo website" name="Verify search functionality for a player #1" time="9.582"/>
  <testcase classname="Testing various functionalities on the ESPN Cricinfo website" name="Verify search functionality for a player #2" time="5.414"/>
  <testcase classname="Testing various functionalities on the ESPN Cricinfo website" name="Verify search functionality for a player #3" time="9.944"/>
  <testcase classname="Testing various functionalities on the ESPN Cricinfo website" name="Verify navigation to &quot;Teams&quot; section" time="7.324"/>
</testsuite>